<?xml version="1.0" encoding="UTF-8"?>
<!-- Generated by org.testng.reporters.JUnitXMLReporter -->
<testsuite ignored="2" hostname="SK11Q" failures="0" tests="1" name="Smoke TopMenu Test" time="18.943" errors="0" timestamp="2023-12-11T19:12:17 GMT">
  <testcase classname="com.tutorialsninja.demo.testsuite.TopMenuTest" name="verifyUserShouldNavigateToLaptopsAndNotebooksPageSuccessfully" time="2.687"/>
  <testcase classname="com.tutorialsninja.demo.testsuite.TopMenuTest" name="verifyUserShouldNavigateToComponentsPageSuccessfully" time="0.0">
    <ignored/>
  </testcase> <!-- verifyUserShouldNavigateToComponentsPageSuccessfully -->
  <testcase classname="com.tutorialsninja.demo.testsuite.TopMenuTest" name="verifyUserShouldNavigateToDesktopsPageSuccessfully" time="0.0">
    <ignored/>
  </testcase> <!-- verifyUserShouldNavigateToDesktopsPageSuccessfully -->
</testsuite> <!-- Smoke TopMenu Test -->
