<?xml version="1.0" encoding="UTF-8"?>
<testng-results ignored="0" total="13" passed="12" failed="1" skipped="0">
  <reporter-output>
  </reporter-output>
  <suite started-at="2023-12-12T21:55:12 GMT" name="regression test" finished-at="2023-12-12T21:59:41 GMT" duration-ms="269522">
    <groups>
      <group name="regression">
        <method signature="DesktopsTest.verifyProductAddedToShoppingCartSuccessFully(java.lang.String,java.lang.String,java.lang.String,java.lang.String,java.lang.String,java.lang.String)[pri:0, instance:com.tutorialsninja.demo.testsuite.DesktopsTest@7a4ccb53]" name="verifyProductAddedToShoppingCartSuccessFully" class="com.tutorialsninja.demo.testsuite.DesktopsTest"/>
        <method signature="DesktopsTest.verifyProductArrangeInAlphaBaticalOrder()[pri:0, instance:com.tutorialsninja.demo.testsuite.DesktopsTest@7a4ccb53]" name="verifyProductArrangeInAlphaBaticalOrder" class="com.tutorialsninja.demo.testsuite.DesktopsTest"/>
        <method signature="LaptopsAndNotebooksTest.verifyProductsPriceDisplayHighToLowSuccessfully()[pri:0, instance:com.tutorialsninja.demo.testsuite.LaptopsAndNotebooksTest@5cee5251]" name="verifyProductsPriceDisplayHighToLowSuccessfully" class="com.tutorialsninja.demo.testsuite.LaptopsAndNotebooksTest"/>
        <method signature="LaptopsAndNotebooksTest.verifyThatUserPlaceOrderSuccessfully()[pri:0, instance:com.tutorialsninja.demo.testsuite.LaptopsAndNotebooksTest@5cee5251]" name="verifyThatUserPlaceOrderSuccessfully" class="com.tutorialsninja.demo.testsuite.LaptopsAndNotebooksTest"/>
        <method signature="MyAccountsTest.verifyThatUserRegisterAccountSuccessfully()[pri:0, instance:com.tutorialsninja.demo.testsuite.MyAccountsTest@71809907]" name="verifyThatUserRegisterAccountSuccessfully" class="com.tutorialsninja.demo.testsuite.MyAccountsTest"/>
        <method signature="MyAccountsTest.verifyThatUserShouldLoginAndLogoutSuccessfully()[pri:0, instance:com.tutorialsninja.demo.testsuite.MyAccountsTest@71809907]" name="verifyThatUserShouldLoginAndLogoutSuccessfully" class="com.tutorialsninja.demo.testsuite.MyAccountsTest"/>
        <method signature="MyAccountsTest.verifyUserShouldNavigateToLoginPageSuccessfully()[pri:0, instance:com.tutorialsninja.demo.testsuite.MyAccountsTest@71809907]" name="verifyUserShouldNavigateToLoginPageSuccessfully" class="com.tutorialsninja.demo.testsuite.MyAccountsTest"/>
        <method signature="MyAccountsTest.verifyUserShouldNavigateToRegisterPageSuccessfully()[pri:0, instance:com.tutorialsninja.demo.testsuite.MyAccountsTest@71809907]" name="verifyUserShouldNavigateToRegisterPageSuccessfully" class="com.tutorialsninja.demo.testsuite.MyAccountsTest"/>
        <method signature="TopMenuTest.verifyUserShouldNavigateToComponentsPageSuccessfully()[pri:0, instance:com.tutorialsninja.demo.testsuite.TopMenuTest@6e20b53a]" name="verifyUserShouldNavigateToComponentsPageSuccessfully" class="com.tutorialsninja.demo.testsuite.TopMenuTest"/>
        <method signature="TopMenuTest.verifyUserShouldNavigateToDesktopsPageSuccessfully()[pri:0, instance:com.tutorialsninja.demo.testsuite.TopMenuTest@6e20b53a]" name="verifyUserShouldNavigateToDesktopsPageSuccessfully" class="com.tutorialsninja.demo.testsuite.TopMenuTest"/>
        <method signature="TopMenuTest.verifyUserShouldNavigateToLaptopsAndNotebooksPageSuccessfully()[pri:0, instance:com.tutorialsninja.demo.testsuite.TopMenuTest@6e20b53a]" name="verifyUserShouldNavigateToLaptopsAndNotebooksPageSuccessfully" class="com.tutorialsninja.demo.testsuite.TopMenuTest"/>
      </group> <!-- regression -->
      <group name="smoke">
        <method signature="DesktopsTest.verifyProductAddedToShoppingCartSuccessFully(java.lang.String,java.lang.String,java.lang.String,java.lang.String,java.lang.String,java.lang.String)[pri:0, instance:com.tutorialsninja.demo.testsuite.DesktopsTest@7a4ccb53]" name="verifyProductAddedToShoppingCartSuccessFully" class="com.tutorialsninja.demo.testsuite.DesktopsTest"/>
        <method signature="LaptopsAndNotebooksTest.verifyThatUserPlaceOrderSuccessfully()[pri:0, instance:com.tutorialsninja.demo.testsuite.LaptopsAndNotebooksTest@5cee5251]" name="verifyThatUserPlaceOrderSuccessfully" class="com.tutorialsninja.demo.testsuite.LaptopsAndNotebooksTest"/>
        <method signature="MyAccountsTest.verifyUserShouldNavigateToLoginPageSuccessfully()[pri:0, instance:com.tutorialsninja.demo.testsuite.MyAccountsTest@71809907]" name="verifyUserShouldNavigateToLoginPageSuccessfully" class="com.tutorialsninja.demo.testsuite.MyAccountsTest"/>
        <method signature="TopMenuTest.verifyUserShouldNavigateToLaptopsAndNotebooksPageSuccessfully()[pri:0, instance:com.tutorialsninja.demo.testsuite.TopMenuTest@6e20b53a]" name="verifyUserShouldNavigateToLaptopsAndNotebooksPageSuccessfully" class="com.tutorialsninja.demo.testsuite.TopMenuTest"/>
      </group> <!-- smoke -->
      <group name="sanity">
        <method signature="DesktopsTest.verifyProductArrangeInAlphaBaticalOrder()[pri:0, instance:com.tutorialsninja.demo.testsuite.DesktopsTest@7a4ccb53]" name="verifyProductArrangeInAlphaBaticalOrder" class="com.tutorialsninja.demo.testsuite.DesktopsTest"/>
        <method signature="LaptopsAndNotebooksTest.verifyProductsPriceDisplayHighToLowSuccessfully()[pri:0, instance:com.tutorialsninja.demo.testsuite.LaptopsAndNotebooksTest@5cee5251]" name="verifyProductsPriceDisplayHighToLowSuccessfully" class="com.tutorialsninja.demo.testsuite.LaptopsAndNotebooksTest"/>
        <method signature="MyAccountsTest.verifyUserShouldNavigateToRegisterPageSuccessfully()[pri:0, instance:com.tutorialsninja.demo.testsuite.MyAccountsTest@71809907]" name="verifyUserShouldNavigateToRegisterPageSuccessfully" class="com.tutorialsninja.demo.testsuite.MyAccountsTest"/>
        <method signature="TopMenuTest.verifyUserShouldNavigateToDesktopsPageSuccessfully()[pri:0, instance:com.tutorialsninja.demo.testsuite.TopMenuTest@6e20b53a]" name="verifyUserShouldNavigateToDesktopsPageSuccessfully" class="com.tutorialsninja.demo.testsuite.TopMenuTest"/>
      </group> <!-- sanity -->
    </groups>
    <test started-at="2023-12-12T21:55:12 GMT" name="test" finished-at="2023-12-12T21:59:41 GMT" duration-ms="269522">
      <class name="com.tutorialsninja.demo.testsuite.DesktopsTest">
        <test-method is-config="true" signature="setUp()[pri:0, instance:com.tutorialsninja.demo.testsuite.DesktopsTest@7a4ccb53]" started-at="2023-12-12T21:55:12 GMT" name="setUp" finished-at="2023-12-12T21:55:17 GMT" duration-ms="5385" status="PASS">
          <reporter-output>
          </reporter-output>
        </test-method> <!-- setUp -->
        <test-method is-config="true" signature="inIt()[pri:0, instance:com.tutorialsninja.demo.testsuite.DesktopsTest@7a4ccb53]" started-at="2023-12-12T21:55:17 GMT" name="inIt" finished-at="2023-12-12T21:55:17 GMT" duration-ms="19" status="PASS">
          <reporter-output>
          </reporter-output>
        </test-method> <!-- inIt -->
        <test-method signature="verifyProductAddedToShoppingCartSuccessFully(java.lang.String,java.lang.String,java.lang.String,java.lang.String,java.lang.String,java.lang.String)[pri:0, instance:com.tutorialsninja.demo.testsuite.DesktopsTest@7a4ccb53]" started-at="2023-12-12T21:55:17 GMT" name="verifyProductAddedToShoppingCartSuccessFully" data-provider="dataset" finished-at="2023-12-12T21:55:41 GMT" duration-ms="23485" status="PASS">
          <params>
            <param index="0">
              <value>
                <![CDATA[HTC Touch HD]]>
              </value>
            </param>
            <param index="1">
              <value>
                <![CDATA[1]]>
              </value>
            </param>
            <param index="2">
              <value>
                <![CDATA[ Success: You have added HTC Touch HD to your shopping cart! ]]>
              </value>
            </param>
            <param index="3">
              <value>
                <![CDATA[HTC Touch HD]]>
              </value>
            </param>
            <param index="4">
              <value>
                <![CDATA[Product 1]]>
              </value>
            </param>
            <param index="5">
              <value>
                <![CDATA[£74.73]]>
              </value>
            </param>
          </params>
          <reporter-output>
          </reporter-output>
        </test-method> <!-- verifyProductAddedToShoppingCartSuccessFully -->
        <test-method is-config="true" signature="tearDown()[pri:0, instance:com.tutorialsninja.demo.testsuite.DesktopsTest@7a4ccb53]" started-at="2023-12-12T21:55:41 GMT" name="tearDown" finished-at="2023-12-12T21:55:41 GMT" duration-ms="255" status="PASS">
          <reporter-output>
          </reporter-output>
        </test-method> <!-- tearDown -->
        <test-method is-config="true" signature="setUp()[pri:0, instance:com.tutorialsninja.demo.testsuite.DesktopsTest@7a4ccb53]" started-at="2023-12-12T21:55:41 GMT" name="setUp" finished-at="2023-12-12T21:55:46 GMT" duration-ms="4840" status="PASS">
          <reporter-output>
          </reporter-output>
        </test-method> <!-- setUp -->
        <test-method is-config="true" signature="inIt()[pri:0, instance:com.tutorialsninja.demo.testsuite.DesktopsTest@7a4ccb53]" started-at="2023-12-12T21:55:46 GMT" name="inIt" finished-at="2023-12-12T21:55:46 GMT" duration-ms="15" status="PASS">
          <reporter-output>
          </reporter-output>
        </test-method> <!-- inIt -->
        <test-method signature="verifyProductAddedToShoppingCartSuccessFully(java.lang.String,java.lang.String,java.lang.String,java.lang.String,java.lang.String,java.lang.String)[pri:0, instance:com.tutorialsninja.demo.testsuite.DesktopsTest@7a4ccb53]" started-at="2023-12-12T21:55:46 GMT" name="verifyProductAddedToShoppingCartSuccessFully" data-provider="dataset" finished-at="2023-12-12T21:56:09 GMT" duration-ms="23164" status="PASS">
          <params>
            <param index="0">
              <value>
                <![CDATA[iPhone]]>
              </value>
            </param>
            <param index="1">
              <value>
                <![CDATA[2]]>
              </value>
            </param>
            <param index="2">
              <value>
                <![CDATA[Success: You have added iPhone to your shopping cart!]]>
              </value>
            </param>
            <param index="3">
              <value>
                <![CDATA[iPhone]]>
              </value>
            </param>
            <param index="4">
              <value>
                <![CDATA[product 11]]>
              </value>
            </param>
            <param index="5">
              <value>
                <![CDATA[£150.92]]>
              </value>
            </param>
          </params>
          <reporter-output>
          </reporter-output>
        </test-method> <!-- verifyProductAddedToShoppingCartSuccessFully -->
        <test-method is-config="true" signature="tearDown()[pri:0, instance:com.tutorialsninja.demo.testsuite.DesktopsTest@7a4ccb53]" started-at="2023-12-12T21:56:09 GMT" name="tearDown" finished-at="2023-12-12T21:56:09 GMT" duration-ms="212" status="PASS">
          <reporter-output>
          </reporter-output>
        </test-method> <!-- tearDown -->
        <test-method is-config="true" signature="setUp()[pri:0, instance:com.tutorialsninja.demo.testsuite.DesktopsTest@7a4ccb53]" started-at="2023-12-12T21:56:09 GMT" name="setUp" finished-at="2023-12-12T21:56:14 GMT" duration-ms="4991" status="PASS">
          <reporter-output>
          </reporter-output>
        </test-method> <!-- setUp -->
        <test-method is-config="true" signature="inIt()[pri:0, instance:com.tutorialsninja.demo.testsuite.DesktopsTest@7a4ccb53]" started-at="2023-12-12T21:56:14 GMT" name="inIt" finished-at="2023-12-12T21:56:14 GMT" duration-ms="6" status="PASS">
          <reporter-output>
          </reporter-output>
        </test-method> <!-- inIt -->
        <test-method signature="verifyProductAddedToShoppingCartSuccessFully(java.lang.String,java.lang.String,java.lang.String,java.lang.String,java.lang.String,java.lang.String)[pri:0, instance:com.tutorialsninja.demo.testsuite.DesktopsTest@7a4ccb53]" started-at="2023-12-12T21:56:14 GMT" name="verifyProductAddedToShoppingCartSuccessFully" data-provider="dataset" finished-at="2023-12-12T21:56:38 GMT" duration-ms="23250" status="PASS">
          <params>
            <param index="0">
              <value>
                <![CDATA[Palm Treo Pro]]>
              </value>
            </param>
            <param index="1">
              <value>
                <![CDATA[3]]>
              </value>
            </param>
            <param index="2">
              <value>
                <![CDATA[Success: You have added Palm Treo Pro to your shopping cart!]]>
              </value>
            </param>
            <param index="3">
              <value>
                <![CDATA[Palm Treo Pro]]>
              </value>
            </param>
            <param index="4">
              <value>
                <![CDATA[Product 2]]>
              </value>
            </param>
            <param index="5">
              <value>
                <![CDATA[£621.05]]>
              </value>
            </param>
          </params>
          <reporter-output>
          </reporter-output>
        </test-method> <!-- verifyProductAddedToShoppingCartSuccessFully -->
        <test-method is-config="true" signature="tearDown()[pri:0, instance:com.tutorialsninja.demo.testsuite.DesktopsTest@7a4ccb53]" started-at="2023-12-12T21:56:38 GMT" name="tearDown" finished-at="2023-12-12T21:56:38 GMT" duration-ms="229" status="PASS">
          <reporter-output>
          </reporter-output>
        </test-method> <!-- tearDown -->
        <test-method is-config="true" signature="setUp()[pri:0, instance:com.tutorialsninja.demo.testsuite.DesktopsTest@7a4ccb53]" started-at="2023-12-12T21:56:38 GMT" name="setUp" finished-at="2023-12-12T21:56:42 GMT" duration-ms="4403" status="PASS">
          <reporter-output>
          </reporter-output>
        </test-method> <!-- setUp -->
        <test-method is-config="true" signature="inIt()[pri:0, instance:com.tutorialsninja.demo.testsuite.DesktopsTest@7a4ccb53]" started-at="2023-12-12T21:56:42 GMT" name="inIt" finished-at="2023-12-12T21:56:42 GMT" duration-ms="7" status="PASS">
          <reporter-output>
          </reporter-output>
        </test-method> <!-- inIt -->
        <test-method signature="verifyProductArrangeInAlphaBaticalOrder()[pri:0, instance:com.tutorialsninja.demo.testsuite.DesktopsTest@7a4ccb53]" started-at="2023-12-12T21:56:42 GMT" name="verifyProductArrangeInAlphaBaticalOrder" finished-at="2023-12-12T21:56:44 GMT" duration-ms="2197" status="PASS">
          <reporter-output>
          </reporter-output>
        </test-method> <!-- verifyProductArrangeInAlphaBaticalOrder -->
        <test-method is-config="true" signature="tearDown()[pri:0, instance:com.tutorialsninja.demo.testsuite.DesktopsTest@7a4ccb53]" started-at="2023-12-12T21:56:44 GMT" name="tearDown" finished-at="2023-12-12T21:56:45 GMT" duration-ms="171" status="PASS">
          <reporter-output>
          </reporter-output>
        </test-method> <!-- tearDown -->
      </class> <!-- com.tutorialsninja.demo.testsuite.DesktopsTest -->
      <class name="com.tutorialsninja.demo.testsuite.LaptopsAndNotebooksTest">
        <test-method is-config="true" signature="setUp()[pri:0, instance:com.tutorialsninja.demo.testsuite.LaptopsAndNotebooksTest@5cee5251]" started-at="2023-12-12T21:56:45 GMT" name="setUp" finished-at="2023-12-12T21:56:49 GMT" duration-ms="4838" status="PASS">
          <reporter-output>
          </reporter-output>
        </test-method> <!-- setUp -->
        <test-method is-config="true" signature="inIt()[pri:0, instance:com.tutorialsninja.demo.testsuite.LaptopsAndNotebooksTest@5cee5251]" started-at="2023-12-12T21:56:49 GMT" name="inIt" finished-at="2023-12-12T21:56:49 GMT" duration-ms="21" status="PASS">
          <reporter-output>
          </reporter-output>
        </test-method> <!-- inIt -->
        <test-method signature="verifyProductsPriceDisplayHighToLowSuccessfully()[pri:0, instance:com.tutorialsninja.demo.testsuite.LaptopsAndNotebooksTest@5cee5251]" started-at="2023-12-12T21:56:49 GMT" name="verifyProductsPriceDisplayHighToLowSuccessfully" finished-at="2023-12-12T21:56:52 GMT" duration-ms="2151" status="PASS">
          <reporter-output>
          </reporter-output>
        </test-method> <!-- verifyProductsPriceDisplayHighToLowSuccessfully -->
        <test-method is-config="true" signature="tearDown()[pri:0, instance:com.tutorialsninja.demo.testsuite.LaptopsAndNotebooksTest@5cee5251]" started-at="2023-12-12T21:56:52 GMT" name="tearDown" finished-at="2023-12-12T21:56:52 GMT" duration-ms="154" status="PASS">
          <reporter-output>
          </reporter-output>
        </test-method> <!-- tearDown -->
        <test-method is-config="true" signature="setUp()[pri:0, instance:com.tutorialsninja.demo.testsuite.LaptopsAndNotebooksTest@5cee5251]" started-at="2023-12-12T21:56:52 GMT" name="setUp" finished-at="2023-12-12T21:56:56 GMT" duration-ms="4647" status="PASS">
          <reporter-output>
          </reporter-output>
        </test-method> <!-- setUp -->
        <test-method is-config="true" signature="inIt()[pri:0, instance:com.tutorialsninja.demo.testsuite.LaptopsAndNotebooksTest@5cee5251]" started-at="2023-12-12T21:56:56 GMT" name="inIt" finished-at="2023-12-12T21:56:56 GMT" duration-ms="8" status="PASS">
          <reporter-output>
          </reporter-output>
        </test-method> <!-- inIt -->
        <test-method signature="verifyThatUserPlaceOrderSuccessfully()[pri:0, instance:com.tutorialsninja.demo.testsuite.LaptopsAndNotebooksTest@5cee5251]" started-at="2023-12-12T21:56:56 GMT" name="verifyThatUserPlaceOrderSuccessfully" finished-at="2023-12-12T21:57:36 GMT" duration-ms="40005" status="FAIL">
          <exception class="org.openqa.selenium.NoSuchElementException">
            <message>
              <![CDATA[no such element: Unable to locate element: {"method":"xpath","selector":"//h1[normalize-space()='Checkout']"}
  (Session info: chrome=120.0.6099.71)
For documentation on this error, please visit: https://www.selenium.dev/documentation/webdriver/troubleshooting/errors#no-such-element-exception
Build info: version: '4.15.0', revision: '1d14b5521b'
System info: os.name: 'Windows 11', os.arch: 'amd64', os.version: '10.0', java.version: '17.0.8'
Driver info: org.openqa.selenium.chrome.ChromeDriver
Command: [c0590da89a26019a5350cca03a3a5bf4, findElement {using=xpath, value=//h1[normalize-space()='Checkout']}]
Capabilities {acceptInsecureCerts: false, browserName: chrome, browserVersion: 120.0.6099.71, chrome: {chromedriverVersion: 120.0.6099.71 (9729082fe617..., userDataDir: C:\Users\hiral\AppData\Loca...}, fedcm:accounts: true, goog:chromeOptions: {debuggerAddress: localhost:50602}, networkConnectionEnabled: false, pageLoadStrategy: normal, platformName: windows, proxy: Proxy(), se:cdp: ws://localhost:50602/devtoo..., se:cdpVersion: 120.0.6099.71, setWindowRect: true, strictFileInteractability: false, timeouts: {implicit: 0, pageLoad: 300000, script: 30000}, unhandledPromptBehavior: dismiss and notify, webauthn:extension:credBlob: true, webauthn:extension:largeBlob: true, webauthn:extension:minPinLength: true, webauthn:extension:prf: true, webauthn:virtualAuthenticators: true}
Session ID: c0590da89a26019a5350cca03a3a5bf4]]>
            </message>
            <full-stacktrace>
              <![CDATA[org.openqa.selenium.NoSuchElementException: no such element: Unable to locate element: {"method":"xpath","selector":"//h1[normalize-space()='Checkout']"}
  (Session info: chrome=120.0.6099.71)
For documentation on this error, please visit: https://www.selenium.dev/documentation/webdriver/troubleshooting/errors#no-such-element-exception
Build info: version: '4.15.0', revision: '1d14b5521b'
System info: os.name: 'Windows 11', os.arch: 'amd64', os.version: '10.0', java.version: '17.0.8'
Driver info: org.openqa.selenium.chrome.ChromeDriver
Command: [c0590da89a26019a5350cca03a3a5bf4, findElement {using=xpath, value=//h1[normalize-space()='Checkout']}]
Capabilities {acceptInsecureCerts: false, browserName: chrome, browserVersion: 120.0.6099.71, chrome: {chromedriverVersion: 120.0.6099.71 (9729082fe617..., userDataDir: C:\Users\hiral\AppData\Loca...}, fedcm:accounts: true, goog:chromeOptions: {debuggerAddress: localhost:50602}, networkConnectionEnabled: false, pageLoadStrategy: normal, platformName: windows, proxy: Proxy(), se:cdp: ws://localhost:50602/devtoo..., se:cdpVersion: 120.0.6099.71, setWindowRect: true, strictFileInteractability: false, timeouts: {implicit: 0, pageLoad: 300000, script: 30000}, unhandledPromptBehavior: dismiss and notify, webauthn:extension:credBlob: true, webauthn:extension:largeBlob: true, webauthn:extension:minPinLength: true, webauthn:extension:prf: true, webauthn:virtualAuthenticators: true}
Session ID: c0590da89a26019a5350cca03a3a5bf4
at java.base/jdk.internal.reflect.NativeConstructorAccessorImpl.newInstance0(Native Method)
at java.base/jdk.internal.reflect.NativeConstructorAccessorImpl.newInstance(NativeConstructorAccessorImpl.java:77)
at java.base/jdk.internal.reflect.DelegatingConstructorAccessorImpl.newInstance(DelegatingConstructorAccessorImpl.java:45)
at java.base/java.lang.reflect.Constructor.newInstanceWithCaller(Constructor.java:499)
at java.base/java.lang.reflect.Constructor.newInstance(Constructor.java:480)
at org.openqa.selenium.remote.codec.w3c.W3CHttpResponseCodec.createException(W3CHttpResponseCodec.java:200)
at org.openqa.selenium.remote.codec.w3c.W3CHttpResponseCodec.decode(W3CHttpResponseCodec.java:133)
at org.openqa.selenium.remote.codec.w3c.W3CHttpResponseCodec.decode(W3CHttpResponseCodec.java:52)
at org.openqa.selenium.remote.HttpCommandExecutor.execute(HttpCommandExecutor.java:191)
at org.openqa.selenium.remote.service.DriverCommandExecutor.invokeExecute(DriverCommandExecutor.java:200)
at org.openqa.selenium.remote.service.DriverCommandExecutor.execute(DriverCommandExecutor.java:175)
at org.openqa.selenium.remote.RemoteWebDriver.execute(RemoteWebDriver.java:607)
at org.openqa.selenium.remote.ElementLocation$ElementFinder$2.findElement(ElementLocation.java:165)
at org.openqa.selenium.remote.ElementLocation.findElement(ElementLocation.java:59)
at org.openqa.selenium.remote.RemoteWebDriver.findElement(RemoteWebDriver.java:364)
at org.openqa.selenium.remote.RemoteWebDriver.findElement(RemoteWebDriver.java:358)
at org.openqa.selenium.support.pagefactory.DefaultElementLocator.findElement(DefaultElementLocator.java:68)
at org.openqa.selenium.support.pagefactory.internal.LocatingElementHandler.invoke(LocatingElementHandler.java:38)
at jdk.proxy2/jdk.proxy2.$Proxy12.getText(Unknown Source)
at com.tutorialsninja.demo.utilities.Utility.getTextFromElement(Utility.java:61)
at com.tutorialsninja.demo.pages.CheckOutPages.getCheckOutText(CheckOutPages.java:86)
at com.tutorialsninja.demo.testsuite.LaptopsAndNotebooksTest.verifyThatUserPlaceOrderSuccessfully(LaptopsAndNotebooksTest.java:110)
at java.base/jdk.internal.reflect.NativeMethodAccessorImpl.invoke0(Native Method)
at java.base/jdk.internal.reflect.NativeMethodAccessorImpl.invoke(NativeMethodAccessorImpl.java:77)
at java.base/jdk.internal.reflect.DelegatingMethodAccessorImpl.invoke(DelegatingMethodAccessorImpl.java:43)
at java.base/java.lang.reflect.Method.invoke(Method.java:568)
at org.testng.internal.invokers.MethodInvocationHelper.invokeMethod(MethodInvocationHelper.java:139)
at org.testng.internal.invokers.TestInvoker.invokeMethod(TestInvoker.java:664)
at org.testng.internal.invokers.TestInvoker.invokeTestMethod(TestInvoker.java:227)
at org.testng.internal.invokers.MethodRunner.runInSequence(MethodRunner.java:50)
at org.testng.internal.invokers.TestInvoker$MethodInvocationAgent.invoke(TestInvoker.java:957)
at org.testng.internal.invokers.TestInvoker.invokeTestMethods(TestInvoker.java:200)
at org.testng.internal.invokers.TestMethodWorker.invokeTestMethods(TestMethodWorker.java:148)
at org.testng.internal.invokers.TestMethodWorker.run(TestMethodWorker.java:128)
at java.base/java.util.ArrayList.forEach(ArrayList.java:1511)
at org.testng.TestRunner.privateRun(TestRunner.java:848)
at org.testng.TestRunner.run(TestRunner.java:621)
at org.testng.SuiteRunner.runTest(SuiteRunner.java:443)
at org.testng.SuiteRunner.runSequentially(SuiteRunner.java:437)
at org.testng.SuiteRunner.privateRun(SuiteRunner.java:397)
at org.testng.SuiteRunner.run(SuiteRunner.java:336)
at org.testng.SuiteRunnerWorker.runSuite(SuiteRunnerWorker.java:52)
at org.testng.SuiteRunnerWorker.run(SuiteRunnerWorker.java:95)
at org.testng.TestNG.runSuitesSequentially(TestNG.java:1280)
at org.testng.TestNG.runSuitesLocally(TestNG.java:1200)
at org.testng.TestNG.runSuites(TestNG.java:1114)
at org.testng.TestNG.run(TestNG.java:1082)
at com.intellij.rt.testng.IDEARemoteTestNG.run(IDEARemoteTestNG.java:66)
at com.intellij.rt.testng.RemoteTestNGStarter.main(RemoteTestNGStarter.java:105)
]]>
            </full-stacktrace>
          </exception> <!-- org.openqa.selenium.NoSuchElementException -->
          <reporter-output>
          </reporter-output>
        </test-method> <!-- verifyThatUserPlaceOrderSuccessfully -->
        <test-method is-config="true" signature="tearDown()[pri:0, instance:com.tutorialsninja.demo.testsuite.LaptopsAndNotebooksTest@5cee5251]" started-at="2023-12-12T21:57:37 GMT" name="tearDown" finished-at="2023-12-12T21:57:37 GMT" duration-ms="208" status="PASS">
          <reporter-output>
          </reporter-output>
        </test-method> <!-- tearDown -->
      </class> <!-- com.tutorialsninja.demo.testsuite.LaptopsAndNotebooksTest -->
      <class name="com.tutorialsninja.demo.testsuite.MyAccountsTest">
        <test-method is-config="true" signature="setUp()[pri:0, instance:com.tutorialsninja.demo.testsuite.MyAccountsTest@71809907]" started-at="2023-12-12T21:57:55 GMT" name="setUp" finished-at="2023-12-12T21:58:00 GMT" duration-ms="4940" status="PASS">
          <reporter-output>
          </reporter-output>
        </test-method> <!-- setUp -->
        <test-method is-config="true" signature="inIt()[pri:0, instance:com.tutorialsninja.demo.testsuite.MyAccountsTest@71809907]" started-at="2023-12-12T21:58:00 GMT" name="inIt" finished-at="2023-12-12T21:58:00 GMT" duration-ms="15" status="PASS">
          <reporter-output>
          </reporter-output>
        </test-method> <!-- inIt -->
        <test-method signature="verifyThatUserRegisterAccountSuccessfully()[pri:0, instance:com.tutorialsninja.demo.testsuite.MyAccountsTest@71809907]" started-at="2023-12-12T21:58:00 GMT" name="verifyThatUserRegisterAccountSuccessfully" finished-at="2023-12-12T21:58:25 GMT" duration-ms="24339" status="PASS">
          <reporter-output>
          </reporter-output>
        </test-method> <!-- verifyThatUserRegisterAccountSuccessfully -->
        <test-method is-config="true" signature="tearDown()[pri:0, instance:com.tutorialsninja.demo.testsuite.MyAccountsTest@71809907]" started-at="2023-12-12T21:58:25 GMT" name="tearDown" finished-at="2023-12-12T21:58:25 GMT" duration-ms="204" status="PASS">
          <reporter-output>
          </reporter-output>
        </test-method> <!-- tearDown -->
        <test-method is-config="true" signature="setUp()[pri:0, instance:com.tutorialsninja.demo.testsuite.MyAccountsTest@71809907]" started-at="2023-12-12T21:58:25 GMT" name="setUp" finished-at="2023-12-12T21:58:30 GMT" duration-ms="4685" status="PASS">
          <reporter-output>
          </reporter-output>
        </test-method> <!-- setUp -->
        <test-method is-config="true" signature="inIt()[pri:0, instance:com.tutorialsninja.demo.testsuite.MyAccountsTest@71809907]" started-at="2023-12-12T21:58:30 GMT" name="inIt" finished-at="2023-12-12T21:58:30 GMT" duration-ms="9" status="PASS">
          <reporter-output>
          </reporter-output>
        </test-method> <!-- inIt -->
        <test-method signature="verifyThatUserShouldLoginAndLogoutSuccessfully()[pri:0, instance:com.tutorialsninja.demo.testsuite.MyAccountsTest@71809907]" started-at="2023-12-12T21:58:30 GMT" name="verifyThatUserShouldLoginAndLogoutSuccessfully" finished-at="2023-12-12T21:58:33 GMT" duration-ms="3384" status="PASS">
          <reporter-output>
          </reporter-output>
        </test-method> <!-- verifyThatUserShouldLoginAndLogoutSuccessfully -->
        <test-method is-config="true" signature="tearDown()[pri:0, instance:com.tutorialsninja.demo.testsuite.MyAccountsTest@71809907]" started-at="2023-12-12T21:58:33 GMT" name="tearDown" finished-at="2023-12-12T21:58:33 GMT" duration-ms="183" status="PASS">
          <reporter-output>
          </reporter-output>
        </test-method> <!-- tearDown -->
        <test-method is-config="true" signature="setUp()[pri:0, instance:com.tutorialsninja.demo.testsuite.MyAccountsTest@71809907]" started-at="2023-12-12T21:58:33 GMT" name="setUp" finished-at="2023-12-12T21:58:38 GMT" duration-ms="4596" status="PASS">
          <reporter-output>
          </reporter-output>
        </test-method> <!-- setUp -->
        <test-method is-config="true" signature="inIt()[pri:0, instance:com.tutorialsninja.demo.testsuite.MyAccountsTest@71809907]" started-at="2023-12-12T21:58:38 GMT" name="inIt" finished-at="2023-12-12T21:58:38 GMT" duration-ms="8" status="PASS">
          <reporter-output>
          </reporter-output>
        </test-method> <!-- inIt -->
        <test-method signature="verifyUserShouldNavigateToLoginPageSuccessfully()[pri:0, instance:com.tutorialsninja.demo.testsuite.MyAccountsTest@71809907]" started-at="2023-12-12T21:58:38 GMT" name="verifyUserShouldNavigateToLoginPageSuccessfully" finished-at="2023-12-12T21:58:39 GMT" duration-ms="701" status="PASS">
          <reporter-output>
          </reporter-output>
        </test-method> <!-- verifyUserShouldNavigateToLoginPageSuccessfully -->
        <test-method is-config="true" signature="tearDown()[pri:0, instance:com.tutorialsninja.demo.testsuite.MyAccountsTest@71809907]" started-at="2023-12-12T21:58:39 GMT" name="tearDown" finished-at="2023-12-12T21:58:39 GMT" duration-ms="174" status="PASS">
          <reporter-output>
          </reporter-output>
        </test-method> <!-- tearDown -->
        <test-method is-config="true" signature="setUp()[pri:0, instance:com.tutorialsninja.demo.testsuite.MyAccountsTest@71809907]" started-at="2023-12-12T21:58:39 GMT" name="setUp" finished-at="2023-12-12T21:58:43 GMT" duration-ms="4570" status="PASS">
          <reporter-output>
          </reporter-output>
        </test-method> <!-- setUp -->
        <test-method is-config="true" signature="inIt()[pri:0, instance:com.tutorialsninja.demo.testsuite.MyAccountsTest@71809907]" started-at="2023-12-12T21:58:43 GMT" name="inIt" finished-at="2023-12-12T21:58:43 GMT" duration-ms="6" status="PASS">
          <reporter-output>
          </reporter-output>
        </test-method> <!-- inIt -->
        <test-method signature="verifyUserShouldNavigateToRegisterPageSuccessfully()[pri:0, instance:com.tutorialsninja.demo.testsuite.MyAccountsTest@71809907]" started-at="2023-12-12T21:58:43 GMT" name="verifyUserShouldNavigateToRegisterPageSuccessfully" finished-at="2023-12-12T21:59:41 GMT" duration-ms="57572" status="PASS">
          <reporter-output>
          </reporter-output>
        </test-method> <!-- verifyUserShouldNavigateToRegisterPageSuccessfully -->
        <test-method is-config="true" signature="tearDown()[pri:0, instance:com.tutorialsninja.demo.testsuite.MyAccountsTest@71809907]" started-at="2023-12-12T21:59:41 GMT" name="tearDown" finished-at="2023-12-12T21:59:41 GMT" duration-ms="189" status="PASS">
          <reporter-output>
          </reporter-output>
        </test-method> <!-- tearDown -->
      </class> <!-- com.tutorialsninja.demo.testsuite.MyAccountsTest -->
      <class name="com.tutorialsninja.demo.testsuite.TopMenuTest">
        <test-method is-config="true" signature="setUp()[pri:0, instance:com.tutorialsninja.demo.testsuite.TopMenuTest@6e20b53a]" started-at="2023-12-12T21:57:37 GMT" name="setUp" finished-at="2023-12-12T21:57:42 GMT" duration-ms="4731" status="PASS">
          <reporter-output>
          </reporter-output>
        </test-method> <!-- setUp -->
        <test-method is-config="true" signature="inIt()[pri:0, instance:com.tutorialsninja.demo.testsuite.TopMenuTest@6e20b53a]" started-at="2023-12-12T21:57:42 GMT" name="inIt" finished-at="2023-12-12T21:57:42 GMT" duration-ms="5" status="PASS">
          <reporter-output>
          </reporter-output>
        </test-method> <!-- inIt -->
        <test-method signature="verifyUserShouldNavigateToComponentsPageSuccessfully()[pri:0, instance:com.tutorialsninja.demo.testsuite.TopMenuTest@6e20b53a]" started-at="2023-12-12T21:57:42 GMT" name="verifyUserShouldNavigateToComponentsPageSuccessfully" finished-at="2023-12-12T21:57:43 GMT" duration-ms="1073" status="PASS">
          <reporter-output>
          </reporter-output>
        </test-method> <!-- verifyUserShouldNavigateToComponentsPageSuccessfully -->
        <test-method is-config="true" signature="tearDown()[pri:0, instance:com.tutorialsninja.demo.testsuite.TopMenuTest@6e20b53a]" started-at="2023-12-12T21:57:43 GMT" name="tearDown" finished-at="2023-12-12T21:57:43 GMT" duration-ms="194" status="PASS">
          <reporter-output>
          </reporter-output>
        </test-method> <!-- tearDown -->
        <test-method is-config="true" signature="setUp()[pri:0, instance:com.tutorialsninja.demo.testsuite.TopMenuTest@6e20b53a]" started-at="2023-12-12T21:57:43 GMT" name="setUp" finished-at="2023-12-12T21:57:48 GMT" duration-ms="4877" status="PASS">
          <reporter-output>
          </reporter-output>
        </test-method> <!-- setUp -->
        <test-method is-config="true" signature="inIt()[pri:0, instance:com.tutorialsninja.demo.testsuite.TopMenuTest@6e20b53a]" started-at="2023-12-12T21:57:48 GMT" name="inIt" finished-at="2023-12-12T21:57:48 GMT" duration-ms="10" status="PASS">
          <reporter-output>
          </reporter-output>
        </test-method> <!-- inIt -->
        <test-method signature="verifyUserShouldNavigateToDesktopsPageSuccessfully()[pri:0, instance:com.tutorialsninja.demo.testsuite.TopMenuTest@6e20b53a]" started-at="2023-12-12T21:57:48 GMT" name="verifyUserShouldNavigateToDesktopsPageSuccessfully" finished-at="2023-12-12T21:57:49 GMT" duration-ms="1351" status="PASS">
          <reporter-output>
          </reporter-output>
        </test-method> <!-- verifyUserShouldNavigateToDesktopsPageSuccessfully -->
        <test-method is-config="true" signature="tearDown()[pri:0, instance:com.tutorialsninja.demo.testsuite.TopMenuTest@6e20b53a]" started-at="2023-12-12T21:57:49 GMT" name="tearDown" finished-at="2023-12-12T21:57:49 GMT" duration-ms="203" status="PASS">
          <reporter-output>
          </reporter-output>
        </test-method> <!-- tearDown -->
        <test-method is-config="true" signature="setUp()[pri:0, instance:com.tutorialsninja.demo.testsuite.TopMenuTest@6e20b53a]" started-at="2023-12-12T21:57:49 GMT" name="setUp" finished-at="2023-12-12T21:57:54 GMT" duration-ms="5004" status="PASS">
          <reporter-output>
          </reporter-output>
        </test-method> <!-- setUp -->
        <test-method is-config="true" signature="inIt()[pri:0, instance:com.tutorialsninja.demo.testsuite.TopMenuTest@6e20b53a]" started-at="2023-12-12T21:57:54 GMT" name="inIt" finished-at="2023-12-12T21:57:54 GMT" duration-ms="12" status="PASS">
          <reporter-output>
          </reporter-output>
        </test-method> <!-- inIt -->
        <test-method signature="verifyUserShouldNavigateToLaptopsAndNotebooksPageSuccessfully()[pri:0, instance:com.tutorialsninja.demo.testsuite.TopMenuTest@6e20b53a]" started-at="2023-12-12T21:57:54 GMT" name="verifyUserShouldNavigateToLaptopsAndNotebooksPageSuccessfully" finished-at="2023-12-12T21:57:55 GMT" duration-ms="1026" status="PASS">
          <reporter-output>
          </reporter-output>
        </test-method> <!-- verifyUserShouldNavigateToLaptopsAndNotebooksPageSuccessfully -->
        <test-method is-config="true" signature="tearDown()[pri:0, instance:com.tutorialsninja.demo.testsuite.TopMenuTest@6e20b53a]" started-at="2023-12-12T21:57:55 GMT" name="tearDown" finished-at="2023-12-12T21:57:55 GMT" duration-ms="174" status="PASS">
          <reporter-output>
          </reporter-output>
        </test-method> <!-- tearDown -->
      </class> <!-- com.tutorialsninja.demo.testsuite.TopMenuTest -->
    </test> <!-- test -->
  </suite> <!-- regression test -->
</testng-results>
